ONLYOFFICE_FONTS_VERSION_5
/opt/onlyoffice/desktopeditors/fonts/ASANA.TTC
/opt/onlyoffice/desktopeditors/fonts/Carlito-Bold.ttf
/opt/onlyoffice/desktopeditors/fonts/Carlito-BoldItalic.ttf
/opt/onlyoffice/desktopeditors/fonts/Carlito-Italic.ttf
/opt/onlyoffice/desktopeditors/fonts/Carlito-Regular.ttf
/opt/onlyoffice/desktopeditors/fonts/Comic_Sans_MS.ttf
/opt/onlyoffice/desktopeditors/fonts/Comic_Sans_MS_Bold.ttf
/opt/onlyoffice/desktopeditors/fonts/LICENSE.txt
/opt/onlyoffice/desktopeditors/fonts/OpenSans-Bold.ttf
/opt/onlyoffice/desktopeditors/fonts/OpenSans-BoldItalic.ttf
/opt/onlyoffice/desktopeditors/fonts/OpenSans-ExtraBold.ttf
/opt/onlyoffice/desktopeditors/fonts/OpenSans-ExtraBoldItalic.ttf
/opt/onlyoffice/desktopeditors/fonts/OpenSans-Italic.ttf
/opt/onlyoffice/desktopeditors/fonts/OpenSans-Light.ttf
/opt/onlyoffice/desktopeditors/fonts/OpenSans-LightItalic.ttf
/opt/onlyoffice/desktopeditors/fonts/OpenSans-Regular.ttf
/opt/onlyoffice/desktopeditors/fonts/OpenSans-Semibold.ttf
/opt/onlyoffice/desktopeditors/fonts/OpenSans-SemiboldItalic.ttf
/opt/onlyoffice/desktopeditors/fonts/ariblk.ttf
/opt/onlyoffice/desktopeditors/fonts/caladea-bold.ttf
/opt/onlyoffice/desktopeditors/fonts/caladea-bolditalic.ttf
/opt/onlyoffice/desktopeditors/fonts/caladea-italic.ttf
/opt/onlyoffice/desktopeditors/fonts/caladea-regular.ttf
/usr/share/fonts/TTF/DejaVuMathTeXGyre.ttf
/usr/share/fonts/TTF/DejaVuSans-Bold.ttf
/usr/share/fonts/TTF/DejaVuSans-BoldOblique.ttf
/usr/share/fonts/TTF/DejaVuSans-ExtraLight.ttf
/usr/share/fonts/TTF/DejaVuSans-Oblique.ttf
/usr/share/fonts/TTF/DejaVuSans.ttf
/usr/share/fonts/TTF/DejaVuSansCondensed-Bold.ttf
/usr/share/fonts/TTF/DejaVuSansCondensed-BoldOblique.ttf
/usr/share/fonts/TTF/DejaVuSansCondensed-Oblique.ttf
/usr/share/fonts/TTF/DejaVuSansCondensed.ttf
/usr/share/fonts/TTF/DejaVuSansMono-Bold.ttf
/usr/share/fonts/TTF/DejaVuSansMono-BoldOblique.ttf
/usr/share/fonts/TTF/DejaVuSansMono-Oblique.ttf
/usr/share/fonts/TTF/DejaVuSansMono.ttf
/usr/share/fonts/TTF/DejaVuSerif-Bold.ttf
/usr/share/fonts/TTF/DejaVuSerif-BoldItalic.ttf
/usr/share/fonts/TTF/DejaVuSerif-Italic.ttf
/usr/share/fonts/TTF/DejaVuSerif.ttf
/usr/share/fonts/TTF/DejaVuSerifCondensed-Bold.ttf
/usr/share/fonts/TTF/DejaVuSerifCondensed-BoldItalic.ttf
/usr/share/fonts/TTF/DejaVuSerifCondensed-Italic.ttf
/usr/share/fonts/TTF/DejaVuSerifCondensed.ttf
/usr/share/fonts/adobe-source-code-pro/SourceCodePro-Black.otf
/usr/share/fonts/adobe-source-code-pro/SourceCodePro-BlackIt.otf
/usr/share/fonts/adobe-source-code-pro/SourceCodePro-Bold.otf
/usr/share/fonts/adobe-source-code-pro/SourceCodePro-BoldIt.otf
/usr/share/fonts/adobe-source-code-pro/SourceCodePro-ExtraLight.otf
/usr/share/fonts/adobe-source-code-pro/SourceCodePro-ExtraLightIt.otf
/usr/share/fonts/adobe-source-code-pro/SourceCodePro-It.otf
/usr/share/fonts/adobe-source-code-pro/SourceCodePro-Light.otf
/usr/share/fonts/adobe-source-code-pro/SourceCodePro-LightIt.otf
/usr/share/fonts/adobe-source-code-pro/SourceCodePro-Medium.otf
/usr/share/fonts/adobe-source-code-pro/SourceCodePro-MediumIt.otf
/usr/share/fonts/adobe-source-code-pro/SourceCodePro-Regular.otf
/usr/share/fonts/adobe-source-code-pro/SourceCodePro-Semibold.otf
/usr/share/fonts/adobe-source-code-pro/SourceCodePro-SemiboldIt.otf
/usr/share/fonts/adobe-source-code-pro/SourceCodeVariable-Italic.otf
/usr/share/fonts/adobe-source-code-pro/SourceCodeVariable-Roman.otf
/usr/share/fonts/cantarell/Cantarell-Bold.otf
/usr/share/fonts/cantarell/Cantarell-ExtraBold.otf
/usr/share/fonts/cantarell/Cantarell-Light.otf
/usr/share/fonts/cantarell/Cantarell-Regular.otf
/usr/share/fonts/cantarell/Cantarell-Thin.otf
/usr/share/fonts/cantarell/Cantarell-VF.otf
/usr/share/fonts/carlito/Carlito-Bold.ttf
/usr/share/fonts/carlito/Carlito-BoldItalic.ttf
/usr/share/fonts/carlito/Carlito-Italic.ttf
/usr/share/fonts/carlito/Carlito-Regular.ttf
/usr/share/fonts/encodings/adobe-dingbats.enc.gz
/usr/share/fonts/encodings/adobe-standard.enc.gz
/usr/share/fonts/encodings/adobe-symbol.enc.gz
/usr/share/fonts/encodings/armscii-8.enc.gz
/usr/share/fonts/encodings/ascii-0.enc.gz
/usr/share/fonts/encodings/dec-special.enc.gz
/usr/share/fonts/encodings/encodings.dir
/usr/share/fonts/encodings/ibm-cp437.enc.gz
/usr/share/fonts/encodings/ibm-cp850.enc.gz
/usr/share/fonts/encodings/ibm-cp852.enc.gz
/usr/share/fonts/encodings/ibm-cp866.enc.gz
/usr/share/fonts/encodings/iso8859-11.enc.gz
/usr/share/fonts/encodings/iso8859-13.enc.gz
/usr/share/fonts/encodings/iso8859-16.enc.gz
/usr/share/fonts/encodings/iso8859-6.16.enc.gz
/usr/share/fonts/encodings/iso8859-6.8x.enc.gz
/usr/share/fonts/encodings/large/big5.eten-0.enc.gz
/usr/share/fonts/encodings/large/big5hkscs-0.enc.gz
/usr/share/fonts/encodings/large/cns11643-1.enc.gz
/usr/share/fonts/encodings/large/cns11643-2.enc.gz
/usr/share/fonts/encodings/large/cns11643-3.enc.gz
/usr/share/fonts/encodings/large/encodings.dir
/usr/share/fonts/encodings/large/gb18030-0.enc.gz
/usr/share/fonts/encodings/large/gb18030.2000-0.enc.gz
/usr/share/fonts/encodings/large/gb18030.2000-1.enc.gz
/usr/share/fonts/encodings/large/gb2312.1980-0.enc.gz
/usr/share/fonts/encodings/large/gbk-0.enc.gz
/usr/share/fonts/encodings/large/jisx0201.1976-0.enc.gz
/usr/share/fonts/encodings/large/jisx0208.1990-0.enc.gz
/usr/share/fonts/encodings/large/jisx0212.1990-0.enc.gz
/usr/share/fonts/encodings/large/ksc5601.1987-0.enc.gz
/usr/share/fonts/encodings/large/ksc5601.1992-3.enc.gz
/usr/share/fonts/encodings/large/sun.unicode.india-0.enc.gz
/usr/share/fonts/encodings/microsoft-cp1250.enc.gz
/usr/share/fonts/encodings/microsoft-cp1251.enc.gz
/usr/share/fonts/encodings/microsoft-cp1252.enc.gz
/usr/share/fonts/encodings/microsoft-cp1253.enc.gz
/usr/share/fonts/encodings/microsoft-cp1254.enc.gz
/usr/share/fonts/encodings/microsoft-cp1255.enc.gz
/usr/share/fonts/encodings/microsoft-cp1256.enc.gz
/usr/share/fonts/encodings/microsoft-cp1257.enc.gz
/usr/share/fonts/encodings/microsoft-cp1258.enc.gz
/usr/share/fonts/encodings/microsoft-win3.1.enc.gz
/usr/share/fonts/encodings/mulearabic-0.enc.gz
/usr/share/fonts/encodings/mulearabic-1.enc.gz
/usr/share/fonts/encodings/mulearabic-2.enc.gz
/usr/share/fonts/encodings/mulelao-1.enc.gz
/usr/share/fonts/encodings/suneu-greek.enc.gz
/usr/share/fonts/encodings/tcvn-0.enc.gz
/usr/share/fonts/encodings/tis620-2.enc.gz
/usr/share/fonts/encodings/viscii1.1-1.enc.gz
/usr/share/fonts/gsfonts/C059-BdIta.otf
/usr/share/fonts/gsfonts/C059-Bold.otf
/usr/share/fonts/gsfonts/C059-Italic.otf
/usr/share/fonts/gsfonts/C059-Roman.otf
/usr/share/fonts/gsfonts/D050000L.otf
/usr/share/fonts/gsfonts/NimbusMonoPS-Bold.otf
/usr/share/fonts/gsfonts/NimbusMonoPS-BoldItalic.otf
/usr/share/fonts/gsfonts/NimbusMonoPS-Italic.otf
/usr/share/fonts/gsfonts/NimbusMonoPS-Regular.otf
/usr/share/fonts/gsfonts/NimbusRoman-Bold.otf
/usr/share/fonts/gsfonts/NimbusRoman-BoldItalic.otf
/usr/share/fonts/gsfonts/NimbusRoman-Italic.otf
/usr/share/fonts/gsfonts/NimbusRoman-Regular.otf
/usr/share/fonts/gsfonts/NimbusSans-Bold.otf
/usr/share/fonts/gsfonts/NimbusSans-BoldItalic.otf
/usr/share/fonts/gsfonts/NimbusSans-Italic.otf
/usr/share/fonts/gsfonts/NimbusSans-Regular.otf
/usr/share/fonts/gsfonts/NimbusSansNarrow-Bold.otf
/usr/share/fonts/gsfonts/NimbusSansNarrow-BoldOblique.otf
/usr/share/fonts/gsfonts/NimbusSansNarrow-Oblique.otf
/usr/share/fonts/gsfonts/NimbusSansNarrow-Regular.otf
/usr/share/fonts/gsfonts/P052-Bold.otf
/usr/share/fonts/gsfonts/P052-BoldItalic.otf
/usr/share/fonts/gsfonts/P052-Italic.otf
/usr/share/fonts/gsfonts/P052-Roman.otf
/usr/share/fonts/gsfonts/StandardSymbolsPS.otf
/usr/share/fonts/gsfonts/URWBookman-Demi.otf
/usr/share/fonts/gsfonts/URWBookman-DemiItalic.otf
/usr/share/fonts/gsfonts/URWBookman-Light.otf
/usr/share/fonts/gsfonts/URWBookman-LightItalic.otf
/usr/share/fonts/gsfonts/URWGothic-Book.otf
/usr/share/fonts/gsfonts/URWGothic-BookOblique.otf
/usr/share/fonts/gsfonts/URWGothic-Demi.otf
/usr/share/fonts/gsfonts/URWGothic-DemiOblique.otf
/usr/share/fonts/gsfonts/Z003-MediumItalic.otf
/usr/share/fonts/liberation/LiberationMono-Bold.ttf
/usr/share/fonts/liberation/LiberationMono-BoldItalic.ttf
/usr/share/fonts/liberation/LiberationMono-Italic.ttf
/usr/share/fonts/liberation/LiberationMono-Regular.ttf
/usr/share/fonts/liberation/LiberationSans-Bold.ttf
/usr/share/fonts/liberation/LiberationSans-BoldItalic.ttf
/usr/share/fonts/liberation/LiberationSans-Italic.ttf
/usr/share/fonts/liberation/LiberationSans-Regular.ttf
/usr/share/fonts/liberation/LiberationSerif-Bold.ttf
/usr/share/fonts/liberation/LiberationSerif-BoldItalic.ttf
/usr/share/fonts/liberation/LiberationSerif-Italic.ttf
/usr/share/fonts/liberation/LiberationSerif-Regular.ttf
/usr/share/fonts/noto/NotoKufiArabic-Black.ttf
/usr/share/fonts/noto/NotoKufiArabic-Bold.ttf
/usr/share/fonts/noto/NotoKufiArabic-Light.ttf
/usr/share/fonts/noto/NotoKufiArabic-Medium.ttf
/usr/share/fonts/noto/NotoKufiArabic-Regular.ttf
/usr/share/fonts/noto/NotoKufiArabic-Thin.ttf
/usr/share/fonts/noto/NotoLoopedLao-Black.ttf
/usr/share/fonts/noto/NotoLoopedLao-Bold.ttf
/usr/share/fonts/noto/NotoLoopedLao-Light.ttf
/usr/share/fonts/noto/NotoLoopedLao-Medium.ttf
/usr/share/fonts/noto/NotoLoopedLao-Regular.ttf
/usr/share/fonts/noto/NotoLoopedLao-Thin.ttf
/usr/share/fonts/noto/NotoLoopedLaoUI-Black.ttf
/usr/share/fonts/noto/NotoLoopedLaoUI-Bold.ttf
/usr/share/fonts/noto/NotoLoopedLaoUI-Light.ttf
/usr/share/fonts/noto/NotoLoopedLaoUI-Medium.ttf
/usr/share/fonts/noto/NotoLoopedLaoUI-Regular.ttf
/usr/share/fonts/noto/NotoLoopedLaoUI-Thin.ttf
/usr/share/fonts/noto/NotoLoopedThai-Black.ttf
/usr/share/fonts/noto/NotoLoopedThai-Bold.ttf
/usr/share/fonts/noto/NotoLoopedThai-Light.ttf
/usr/share/fonts/noto/NotoLoopedThai-Medium.ttf
/usr/share/fonts/noto/NotoLoopedThai-Regular.ttf
/usr/share/fonts/noto/NotoLoopedThai-Thin.ttf
/usr/share/fonts/noto/NotoLoopedThaiUI-Black.ttf
/usr/share/fonts/noto/NotoLoopedThaiUI-Bold.ttf
/usr/share/fonts/noto/NotoLoopedThaiUI-Light.ttf
/usr/share/fonts/noto/NotoLoopedThaiUI-Medium.ttf
/usr/share/fonts/noto/NotoLoopedThaiUI-Regular.ttf
/usr/share/fonts/noto/NotoLoopedThaiUI-Thin.ttf
/usr/share/fonts/noto/NotoMusic-Regular.ttf
/usr/share/fonts/noto/NotoNaskhArabic-Bold.ttf
/usr/share/fonts/noto/NotoNaskhArabic-Medium.ttf
/usr/share/fonts/noto/NotoNaskhArabic-Regular.ttf
/usr/share/fonts/noto/NotoNaskhArabicUI-Bold.ttf
/usr/share/fonts/noto/NotoNaskhArabicUI-Medium.ttf
/usr/share/fonts/noto/NotoNaskhArabicUI-Regular.ttf
/usr/share/fonts/noto/NotoNastaliqUrdu-Bold.ttf
/usr/share/fonts/noto/NotoNastaliqUrdu-Regular.ttf
/usr/share/fonts/noto/NotoRashiHebrew-Black.ttf
/usr/share/fonts/noto/NotoRashiHebrew-Bold.ttf
/usr/share/fonts/noto/NotoRashiHebrew-Light.ttf
/usr/share/fonts/noto/NotoRashiHebrew-Medium.ttf
/usr/share/fonts/noto/NotoRashiHebrew-Regular.ttf
/usr/share/fonts/noto/NotoRashiHebrew-Thin.ttf
/usr/share/fonts/noto/NotoSans-Black.ttf
/usr/share/fonts/noto/NotoSans-BlackItalic.ttf
/usr/share/fonts/noto/NotoSans-Bold.ttf
/usr/share/fonts/noto/NotoSans-BoldItalic.ttf
/usr/share/fonts/noto/NotoSans-Italic.ttf
/usr/share/fonts/noto/NotoSans-Light.ttf
/usr/share/fonts/noto/NotoSans-LightItalic.ttf
/usr/share/fonts/noto/NotoSans-Medium.ttf
/usr/share/fonts/noto/NotoSans-MediumItalic.ttf
/usr/share/fonts/noto/NotoSans-Regular.ttf
/usr/share/fonts/noto/NotoSans-Thin.ttf
/usr/share/fonts/noto/NotoSans-ThinItalic.ttf
/usr/share/fonts/noto/NotoSansAdlam-Bold.ttf
/usr/share/fonts/noto/NotoSansAdlam-Regular.ttf
/usr/share/fonts/noto/NotoSansAdlamUnjoined-Bold.ttf
/usr/share/fonts/noto/NotoSansAdlamUnjoined-Regular.ttf
/usr/share/fonts/noto/NotoSansAnatolianHieroglyphs-Regular.ttf
/usr/share/fonts/noto/NotoSansArabic-Black.ttf
/usr/share/fonts/noto/NotoSansArabic-Bold.ttf
/usr/share/fonts/noto/NotoSansArabic-Light.ttf
/usr/share/fonts/noto/NotoSansArabic-Medium.ttf
/usr/share/fonts/noto/NotoSansArabic-Regular.ttf
/usr/share/fonts/noto/NotoSansArabic-Thin.ttf
/usr/share/fonts/noto/NotoSansArabicUI-Black.ttf
/usr/share/fonts/noto/NotoSansArabicUI-Bold.ttf
/usr/share/fonts/noto/NotoSansArabicUI-Light.ttf
/usr/share/fonts/noto/NotoSansArabicUI-Medium.ttf
/usr/share/fonts/noto/NotoSansArabicUI-Regular.ttf
/usr/share/fonts/noto/NotoSansArabicUI-Thin.ttf
/usr/share/fonts/noto/NotoSansArmenian-Black.ttf
/usr/share/fonts/noto/NotoSansArmenian-Bold.ttf
/usr/share/fonts/noto/NotoSansArmenian-Light.ttf
/usr/share/fonts/noto/NotoSansArmenian-Medium.ttf
/usr/share/fonts/noto/NotoSansArmenian-Regular.ttf
/usr/share/fonts/noto/NotoSansArmenian-Thin.ttf
/usr/share/fonts/noto/NotoSansAvestan-Regular.ttf
/usr/share/fonts/noto/NotoSansBalinese-Bold.ttf
/usr/share/fonts/noto/NotoSansBalinese-Medium.ttf
/usr/share/fonts/noto/NotoSansBalinese-Regular.ttf
/usr/share/fonts/noto/NotoSansBamum-Bold.ttf
/usr/share/fonts/noto/NotoSansBamum-Medium.ttf
/usr/share/fonts/noto/NotoSansBamum-Regular.ttf
/usr/share/fonts/noto/NotoSansBassaVah-Regular.ttf
/usr/share/fonts/noto/NotoSansBatak-Regular.ttf
/usr/share/fonts/noto/NotoSansBengali-Black.ttf
/usr/share/fonts/noto/NotoSansBengali-Bold.ttf
/usr/share/fonts/noto/NotoSansBengali-Light.ttf
/usr/share/fonts/noto/NotoSansBengali-Medium.ttf
/usr/share/fonts/noto/NotoSansBengali-Regular.ttf
/usr/share/fonts/noto/NotoSansBengali-Thin.ttf
/usr/share/fonts/noto/NotoSansBengaliUI-Black.ttf
/usr/share/fonts/noto/NotoSansBengaliUI-Bold.ttf
/usr/share/fonts/noto/NotoSansBengaliUI-Light.ttf
/usr/share/fonts/noto/NotoSansBengaliUI-Medium.ttf
/usr/share/fonts/noto/NotoSansBengaliUI-Regular.ttf
/usr/share/fonts/noto/NotoSansBengaliUI-Thin.ttf
/usr/share/fonts/noto/NotoSansBhaiksuki-Regular.ttf
/usr/share/fonts/noto/NotoSansBrahmi-Regular.ttf
/usr/share/fonts/noto/NotoSansBuginese-Regular.ttf
/usr/share/fonts/noto/NotoSansBuhid-Regular.ttf
/usr/share/fonts/noto/NotoSansCanadianAboriginal-Black.ttf
/usr/share/fonts/noto/NotoSansCanadianAboriginal-Bold.ttf
/usr/share/fonts/noto/NotoSansCanadianAboriginal-Light.ttf
/usr/share/fonts/noto/NotoSansCanadianAboriginal-Medium.ttf
/usr/share/fonts/noto/NotoSansCanadianAboriginal-Regular.ttf
/usr/share/fonts/noto/NotoSansCanadianAboriginal-Thin.ttf
/usr/share/fonts/noto/NotoSansCarian-Regular.ttf
/usr/share/fonts/noto/NotoSansCaucasianAlbanian-Regular.ttf
/usr/share/fonts/noto/NotoSansChakma-Regular.ttf
/usr/share/fonts/noto/NotoSansCham-Black.ttf
/usr/share/fonts/noto/NotoSansCham-Bold.ttf
/usr/share/fonts/noto/NotoSansCham-Light.ttf
/usr/share/fonts/noto/NotoSansCham-Medium.ttf
/usr/share/fonts/noto/NotoSansCham-Regular.ttf
/usr/share/fonts/noto/NotoSansCham-Thin.ttf
/usr/share/fonts/noto/NotoSansCherokee-Black.ttf
/usr/share/fonts/noto/NotoSansCherokee-Bold.ttf
/usr/share/fonts/noto/NotoSansCherokee-Light.ttf
/usr/share/fonts/noto/NotoSansCherokee-Medium.ttf
/usr/share/fonts/noto/NotoSansCherokee-Regular.ttf
/usr/share/fonts/noto/NotoSansCherokee-Thin.ttf
/usr/share/fonts/noto/NotoSansCoptic-Regular.ttf
/usr/share/fonts/noto/NotoSansCuneiform-Regular.ttf
/usr/share/fonts/noto/NotoSansCypriot-Regular.ttf
/usr/share/fonts/noto/NotoSansDeseret-Regular.ttf
/usr/share/fonts/noto/NotoSansDevanagari-Black.ttf
/usr/share/fonts/noto/NotoSansDevanagari-Bold.ttf
/usr/share/fonts/noto/NotoSansDevanagari-Light.ttf
/usr/share/fonts/noto/NotoSansDevanagari-Medium.ttf
/usr/share/fonts/noto/NotoSansDevanagari-Regular.ttf
/usr/share/fonts/noto/NotoSansDevanagari-Thin.ttf
/usr/share/fonts/noto/NotoSansDevanagariUI-Black.ttf
/usr/share/fonts/noto/NotoSansDevanagariUI-Bold.ttf
/usr/share/fonts/noto/NotoSansDevanagariUI-Light.ttf
/usr/share/fonts/noto/NotoSansDevanagariUI-Medium.ttf
/usr/share/fonts/noto/NotoSansDevanagariUI-Regular.ttf
/usr/share/fonts/noto/NotoSansDevanagariUI-Thin.ttf
/usr/share/fonts/noto/NotoSansDisplay-Black.ttf
/usr/share/fonts/noto/NotoSansDisplay-BlackItalic.ttf
/usr/share/fonts/noto/NotoSansDisplay-Bold.ttf
/usr/share/fonts/noto/NotoSansDisplay-BoldItalic.ttf
/usr/share/fonts/noto/NotoSansDisplay-Italic.ttf
/usr/share/fonts/noto/NotoSansDisplay-Light.ttf
/usr/share/fonts/noto/NotoSansDisplay-LightItalic.ttf
/usr/share/fonts/noto/NotoSansDisplay-Medium.ttf
/usr/share/fonts/noto/NotoSansDisplay-MediumItalic.ttf
/usr/share/fonts/noto/NotoSansDisplay-Regular.ttf
/usr/share/fonts/noto/NotoSansDisplay-Thin.ttf
/usr/share/fonts/noto/NotoSansDisplay-ThinItalic.ttf
/usr/share/fonts/noto/NotoSansDuployan-Regular.ttf
/usr/share/fonts/noto/NotoSansEgyptianHieroglyphs-Regular.ttf
/usr/share/fonts/noto/NotoSansElbasan-Regular.ttf
/usr/share/fonts/noto/NotoSansElymaic-Regular.ttf
/usr/share/fonts/noto/NotoSansEthiopic-Black.ttf
/usr/share/fonts/noto/NotoSansEthiopic-Bold.ttf
/usr/share/fonts/noto/NotoSansEthiopic-Light.ttf
/usr/share/fonts/noto/NotoSansEthiopic-Medium.ttf
/usr/share/fonts/noto/NotoSansEthiopic-Regular.ttf
/usr/share/fonts/noto/NotoSansEthiopic-Thin.ttf
/usr/share/fonts/noto/NotoSansGeorgian-Black.ttf
/usr/share/fonts/noto/NotoSansGeorgian-Bold.ttf
/usr/share/fonts/noto/NotoSansGeorgian-Light.ttf
/usr/share/fonts/noto/NotoSansGeorgian-Medium.ttf
/usr/share/fonts/noto/NotoSansGeorgian-Regular.ttf
/usr/share/fonts/noto/NotoSansGeorgian-Thin.ttf
/usr/share/fonts/noto/NotoSansGlagolitic-Regular.ttf
/usr/share/fonts/noto/NotoSansGothic-Regular.ttf
/usr/share/fonts/noto/NotoSansGrantha-Regular.ttf
/usr/share/fonts/noto/NotoSansGujarati-Black.ttf
/usr/share/fonts/noto/NotoSansGujarati-Bold.ttf
/usr/share/fonts/noto/NotoSansGujarati-Light.ttf
/usr/share/fonts/noto/NotoSansGujarati-Medium.ttf
/usr/share/fonts/noto/NotoSansGujarati-Regular.ttf
/usr/share/fonts/noto/NotoSansGujarati-Thin.ttf
/usr/share/fonts/noto/NotoSansGujaratiUI-Black.ttf
/usr/share/fonts/noto/NotoSansGujaratiUI-Bold.ttf
/usr/share/fonts/noto/NotoSansGujaratiUI-Light.ttf
/usr/share/fonts/noto/NotoSansGujaratiUI-Medium.ttf
/usr/share/fonts/noto/NotoSansGujaratiUI-Regular.ttf
/usr/share/fonts/noto/NotoSansGujaratiUI-Thin.ttf
/usr/share/fonts/noto/NotoSansGunjalaGondi-Regular.ttf
/usr/share/fonts/noto/NotoSansGurmukhi-Black.ttf
/usr/share/fonts/noto/NotoSansGurmukhi-Bold.ttf
/usr/share/fonts/noto/NotoSansGurmukhi-Light.ttf
/usr/share/fonts/noto/NotoSansGurmukhi-Medium.ttf
/usr/share/fonts/noto/NotoSansGurmukhi-Regular.ttf
/usr/share/fonts/noto/NotoSansGurmukhi-Thin.ttf
/usr/share/fonts/noto/NotoSansGurmukhiUI-Black.ttf
/usr/share/fonts/noto/NotoSansGurmukhiUI-Bold.ttf
/usr/share/fonts/noto/NotoSansGurmukhiUI-Light.ttf
/usr/share/fonts/noto/NotoSansGurmukhiUI-Medium.ttf
/usr/share/fonts/noto/NotoSansGurmukhiUI-Regular.ttf
/usr/share/fonts/noto/NotoSansGurmukhiUI-Thin.ttf
/usr/share/fonts/noto/NotoSansHanifiRohingya-Bold.ttf
/usr/share/fonts/noto/NotoSansHanifiRohingya-Medium.ttf
/usr/share/fonts/noto/NotoSansHanifiRohingya-Regular.ttf
/usr/share/fonts/noto/NotoSansHanunoo-Regular.ttf
/usr/share/fonts/noto/NotoSansHatran-Regular.ttf
/usr/share/fonts/noto/NotoSansHebrew-Black.ttf
/usr/share/fonts/noto/NotoSansHebrew-Bold.ttf
/usr/share/fonts/noto/NotoSansHebrew-Light.ttf
/usr/share/fonts/noto/NotoSansHebrew-Medium.ttf
/usr/share/fonts/noto/NotoSansHebrew-Regular.ttf
/usr/share/fonts/noto/NotoSansHebrew-Thin.ttf
/usr/share/fonts/noto/NotoSansImperialAramaic-Regular.ttf
/usr/share/fonts/noto/NotoSansIndicSiyaqNumbers-Regular.ttf
/usr/share/fonts/noto/NotoSansInscriptionalPahlavi-Regular.ttf
/usr/share/fonts/noto/NotoSansInscriptionalParthian-Regular.ttf
/usr/share/fonts/noto/NotoSansJavanese-Bold.ttf
/usr/share/fonts/noto/NotoSansJavanese-Regular.ttf
/usr/share/fonts/noto/NotoSansKaithi-Regular.ttf
/usr/share/fonts/noto/NotoSansKannada-Black.ttf
/usr/share/fonts/noto/NotoSansKannada-Bold.ttf
/usr/share/fonts/noto/NotoSansKannada-Light.ttf
/usr/share/fonts/noto/NotoSansKannada-Medium.ttf
/usr/share/fonts/noto/NotoSansKannada-Regular.ttf
/usr/share/fonts/noto/NotoSansKannada-Thin.ttf
/usr/share/fonts/noto/NotoSansKannadaUI-Black.ttf
/usr/share/fonts/noto/NotoSansKannadaUI-Bold.ttf
/usr/share/fonts/noto/NotoSansKannadaUI-Light.ttf
/usr/share/fonts/noto/NotoSansKannadaUI-Medium.ttf
/usr/share/fonts/noto/NotoSansKannadaUI-Regular.ttf
/usr/share/fonts/noto/NotoSansKannadaUI-Thin.ttf
/usr/share/fonts/noto/NotoSansKayahLi-Bold.ttf
/usr/share/fonts/noto/NotoSansKayahLi-Medium.ttf
/usr/share/fonts/noto/NotoSansKayahLi-Regular.ttf
/usr/share/fonts/noto/NotoSansKharoshthi-Regular.ttf
/usr/share/fonts/noto/NotoSansKhmer-Black.ttf
/usr/share/fonts/noto/NotoSansKhmer-Bold.ttf
/usr/share/fonts/noto/NotoSansKhmer-Light.ttf
/usr/share/fonts/noto/NotoSansKhmer-Medium.ttf
/usr/share/fonts/noto/NotoSansKhmer-Regular.ttf
/usr/share/fonts/noto/NotoSansKhmer-Thin.ttf
/usr/share/fonts/noto/NotoSansKhmerUI-Black.ttf
/usr/share/fonts/noto/NotoSansKhmerUI-Bold.ttf
/usr/share/fonts/noto/NotoSansKhmerUI-Light.ttf
/usr/share/fonts/noto/NotoSansKhmerUI-Medium.ttf
/usr/share/fonts/noto/NotoSansKhmerUI-Regular.ttf
/usr/share/fonts/noto/NotoSansKhmerUI-Thin.ttf
/usr/share/fonts/noto/NotoSansKhojki-Regular.ttf
/usr/share/fonts/noto/NotoSansKhudawadi-Regular.ttf
/usr/share/fonts/noto/NotoSansLao-Black.ttf
/usr/share/fonts/noto/NotoSansLao-Bold.ttf
/usr/share/fonts/noto/NotoSansLao-Light.ttf
/usr/share/fonts/noto/NotoSansLao-Medium.ttf
/usr/share/fonts/noto/NotoSansLao-Regular.ttf
/usr/share/fonts/noto/NotoSansLao-Thin.ttf
/usr/share/fonts/noto/NotoSansLaoUI-Black.ttf
/usr/share/fonts/noto/NotoSansLaoUI-Bold.ttf
/usr/share/fonts/noto/NotoSansLaoUI-Light.ttf
/usr/share/fonts/noto/NotoSansLaoUI-Medium.ttf
/usr/share/fonts/noto/NotoSansLaoUI-Regular.ttf
/usr/share/fonts/noto/NotoSansLaoUI-Thin.ttf
/usr/share/fonts/noto/NotoSansLepcha-Regular.ttf
/usr/share/fonts/noto/NotoSansLimbu-Regular.ttf
/usr/share/fonts/noto/NotoSansLinearA-Regular.ttf
/usr/share/fonts/noto/NotoSansLinearB-Regular.ttf
/usr/share/fonts/noto/NotoSansLisu-Bold.ttf
/usr/share/fonts/noto/NotoSansLisu-Medium.ttf
/usr/share/fonts/noto/NotoSansLisu-Regular.ttf
/usr/share/fonts/noto/NotoSansLycian-Regular.ttf
/usr/share/fonts/noto/NotoSansLydian-Regular.ttf
/usr/share/fonts/noto/NotoSansMahajani-Regular.ttf
/usr/share/fonts/noto/NotoSansMalayalam-Black.ttf
/usr/share/fonts/noto/NotoSansMalayalam-Bold.ttf
/usr/share/fonts/noto/NotoSansMalayalam-Light.ttf
/usr/share/fonts/noto/NotoSansMalayalam-Medium.ttf
/usr/share/fonts/noto/NotoSansMalayalam-Regular.ttf
/usr/share/fonts/noto/NotoSansMalayalam-Thin.ttf
/usr/share/fonts/noto/NotoSansMalayalamUI-Black.ttf
/usr/share/fonts/noto/NotoSansMalayalamUI-Bold.ttf
/usr/share/fonts/noto/NotoSansMalayalamUI-Light.ttf
/usr/share/fonts/noto/NotoSansMalayalamUI-Medium.ttf
/usr/share/fonts/noto/NotoSansMalayalamUI-Regular.ttf
/usr/share/fonts/noto/NotoSansMalayalamUI-Thin.ttf
/usr/share/fonts/noto/NotoSansMandaic-Regular.ttf
/usr/share/fonts/noto/NotoSansManichaean-Regular.ttf
/usr/share/fonts/noto/NotoSansMarchen-Regular.ttf
/usr/share/fonts/noto/NotoSansMasaramGondi-Regular.ttf
/usr/share/fonts/noto/NotoSansMath-Regular.ttf
/usr/share/fonts/noto/NotoSansMayanNumerals-Regular.ttf
/usr/share/fonts/noto/NotoSansMedefaidrin-Bold.ttf
/usr/share/fonts/noto/NotoSansMedefaidrin-Medium.ttf
/usr/share/fonts/noto/NotoSansMedefaidrin-Regular.ttf
/usr/share/fonts/noto/NotoSansMeeteiMayek-Black.ttf
/usr/share/fonts/noto/NotoSansMeeteiMayek-Bold.ttf
/usr/share/fonts/noto/NotoSansMeeteiMayek-Light.ttf
/usr/share/fonts/noto/NotoSansMeeteiMayek-Medium.ttf
/usr/share/fonts/noto/NotoSansMeeteiMayek-Regular.ttf
/usr/share/fonts/noto/NotoSansMeeteiMayek-Thin.ttf
/usr/share/fonts/noto/NotoSansMendeKikakui-Regular.ttf
/usr/share/fonts/noto/NotoSansMeroitic-Regular.ttf
/usr/share/fonts/noto/NotoSansMiao-Regular.ttf
/usr/share/fonts/noto/NotoSansModi-Regular.ttf
/usr/share/fonts/noto/NotoSansMongolian-Regular.ttf
/usr/share/fonts/noto/NotoSansMono-Black.ttf
/usr/share/fonts/noto/NotoSansMono-Bold.ttf
/usr/share/fonts/noto/NotoSansMono-Light.ttf
/usr/share/fonts/noto/NotoSansMono-Medium.ttf
/usr/share/fonts/noto/NotoSansMono-Regular.ttf
/usr/share/fonts/noto/NotoSansMono-Thin.ttf
/usr/share/fonts/noto/NotoSansMro-Regular.ttf
/usr/share/fonts/noto/NotoSansMultani-Regular.ttf
/usr/share/fonts/noto/NotoSansMyanmar-Black.ttf
/usr/share/fonts/noto/NotoSansMyanmar-Bold.ttf
/usr/share/fonts/noto/NotoSansMyanmar-Light.ttf
/usr/share/fonts/noto/NotoSansMyanmar-Medium.ttf
/usr/share/fonts/noto/NotoSansMyanmar-Regular.ttf
/usr/share/fonts/noto/NotoSansMyanmar-Thin.ttf
/usr/share/fonts/noto/NotoSansMyanmarUI-Black.ttf
/usr/share/fonts/noto/NotoSansMyanmarUI-Bold.ttf
/usr/share/fonts/noto/NotoSansMyanmarUI-Light.ttf
/usr/share/fonts/noto/NotoSansMyanmarUI-Medium.ttf
/usr/share/fonts/noto/NotoSansMyanmarUI-Regular.ttf
/usr/share/fonts/noto/NotoSansMyanmarUI-Thin.ttf
/usr/share/fonts/noto/NotoSansNKo-Regular.ttf
/usr/share/fonts/noto/NotoSansNabataean-Regular.ttf
/usr/share/fonts/noto/NotoSansNewTaiLue-Regular.ttf
/usr/share/fonts/noto/NotoSansNewa-Regular.ttf
/usr/share/fonts/noto/NotoSansNushu-Regular.ttf
/usr/share/fonts/noto/NotoSansOgham-Regular.ttf
/usr/share/fonts/noto/NotoSansOlChiki-Bold.ttf
/usr/share/fonts/noto/NotoSansOlChiki-Medium.ttf
/usr/share/fonts/noto/NotoSansOlChiki-Regular.ttf
/usr/share/fonts/noto/NotoSansOldHungarian-Regular.ttf
/usr/share/fonts/noto/NotoSansOldItalic-Regular.ttf
/usr/share/fonts/noto/NotoSansOldNorthArabian-Regular.ttf
/usr/share/fonts/noto/NotoSansOldPermic-Regular.ttf
/usr/share/fonts/noto/NotoSansOldPersian-Regular.ttf
/usr/share/fonts/noto/NotoSansOldSogdian-Regular.ttf
/usr/share/fonts/noto/NotoSansOldSouthArabian-Regular.ttf
/usr/share/fonts/noto/NotoSansOldTurkic-Regular.ttf
/usr/share/fonts/noto/NotoSansOriya-Black.ttf
/usr/share/fonts/noto/NotoSansOriya-Bold.ttf
/usr/share/fonts/noto/NotoSansOriya-Regular.ttf
/usr/share/fonts/noto/NotoSansOriya-Thin.ttf
/usr/share/fonts/noto/NotoSansOriyaUI-Black.ttf
/usr/share/fonts/noto/NotoSansOriyaUI-Bold.ttf
/usr/share/fonts/noto/NotoSansOriyaUI-Regular.ttf
/usr/share/fonts/noto/NotoSansOriyaUI-Thin.ttf
/usr/share/fonts/noto/NotoSansOsage-Regular.ttf
/usr/share/fonts/noto/NotoSansOsmanya-Regular.ttf
/usr/share/fonts/noto/NotoSansPahawhHmong-Regular.ttf
/usr/share/fonts/noto/NotoSansPalmyrene-Regular.ttf
/usr/share/fonts/noto/NotoSansPauCinHau-Regular.ttf
/usr/share/fonts/noto/NotoSansPhagsPa-Regular.ttf
/usr/share/fonts/noto/NotoSansPhoenician-Regular.ttf
/usr/share/fonts/noto/NotoSansPsalterPahlavi-Regular.ttf
/usr/share/fonts/noto/NotoSansRejang-Regular.ttf
/usr/share/fonts/noto/NotoSansRunic-Regular.ttf
/usr/share/fonts/noto/NotoSansSamaritan-Regular.ttf
/usr/share/fonts/noto/NotoSansSaurashtra-Regular.ttf
/usr/share/fonts/noto/NotoSansSharada-Regular.ttf
/usr/share/fonts/noto/NotoSansShavian-Regular.ttf
/usr/share/fonts/noto/NotoSansSiddham-Regular.ttf
/usr/share/fonts/noto/NotoSansSignWriting-Regular.ttf
/usr/share/fonts/noto/NotoSansSinhala-Black.ttf
/usr/share/fonts/noto/NotoSansSinhala-Bold.ttf
/usr/share/fonts/noto/NotoSansSinhala-Light.ttf
/usr/share/fonts/noto/NotoSansSinhala-Medium.ttf
/usr/share/fonts/noto/NotoSansSinhala-Regular.ttf
/usr/share/fonts/noto/NotoSansSinhala-Thin.ttf
/usr/share/fonts/noto/NotoSansSinhalaUI-Black.ttf
/usr/share/fonts/noto/NotoSansSinhalaUI-Bold.ttf
/usr/share/fonts/noto/NotoSansSinhalaUI-Light.ttf
/usr/share/fonts/noto/NotoSansSinhalaUI-Medium.ttf
/usr/share/fonts/noto/NotoSansSinhalaUI-Regular.ttf
/usr/share/fonts/noto/NotoSansSinhalaUI-Thin.ttf
/usr/share/fonts/noto/NotoSansSogdian-Regular.ttf
/usr/share/fonts/noto/NotoSansSoraSompeng-Bold.ttf
/usr/share/fonts/noto/NotoSansSoraSompeng-Medium.ttf
/usr/share/fonts/noto/NotoSansSoraSompeng-Regular.ttf
/usr/share/fonts/noto/NotoSansSoyombo-Regular.ttf
/usr/share/fonts/noto/NotoSansSundanese-Bold.ttf
/usr/share/fonts/noto/NotoSansSundanese-Medium.ttf
/usr/share/fonts/noto/NotoSansSundanese-Regular.ttf
/usr/share/fonts/noto/NotoSansSylotiNagri-Regular.ttf
/usr/share/fonts/noto/NotoSansSymbols-Black.ttf
/usr/share/fonts/noto/NotoSansSymbols-Bold.ttf
/usr/share/fonts/noto/NotoSansSymbols-Light.ttf
/usr/share/fonts/noto/NotoSansSymbols-Medium.ttf
/usr/share/fonts/noto/NotoSansSymbols-Regular.ttf
/usr/share/fonts/noto/NotoSansSymbols-Thin.ttf
/usr/share/fonts/noto/NotoSansSymbols2-Regular.ttf
/usr/share/fonts/noto/NotoSansSyriac-Black.ttf
/usr/share/fonts/noto/NotoSansSyriac-Regular.ttf
/usr/share/fonts/noto/NotoSansSyriac-Thin.ttf
/usr/share/fonts/noto/NotoSansTagalog-Regular.ttf
/usr/share/fonts/noto/NotoSansTagbanwa-Regular.ttf
/usr/share/fonts/noto/NotoSansTaiLe-Regular.ttf
/usr/share/fonts/noto/NotoSansTaiTham-Bold.ttf
/usr/share/fonts/noto/NotoSansTaiTham-Medium.ttf
/usr/share/fonts/noto/NotoSansTaiTham-Regular.ttf
/usr/share/fonts/noto/NotoSansTaiViet-Regular.ttf
/usr/share/fonts/noto/NotoSansTakri-Regular.ttf
/usr/share/fonts/noto/NotoSansTamil-Black.ttf
/usr/share/fonts/noto/NotoSansTamil-Bold.ttf
/usr/share/fonts/noto/NotoSansTamil-Light.ttf
/usr/share/fonts/noto/NotoSansTamil-Medium.ttf
/usr/share/fonts/noto/NotoSansTamil-Regular.ttf
/usr/share/fonts/noto/NotoSansTamil-Thin.ttf
/usr/share/fonts/noto/NotoSansTamilSupplement-Regular.ttf
/usr/share/fonts/noto/NotoSansTamilUI-Black.ttf
/usr/share/fonts/noto/NotoSansTamilUI-Bold.ttf
/usr/share/fonts/noto/NotoSansTamilUI-Light.ttf
/usr/share/fonts/noto/NotoSansTamilUI-Medium.ttf
/usr/share/fonts/noto/NotoSansTamilUI-Regular.ttf
/usr/share/fonts/noto/NotoSansTamilUI-Thin.ttf
/usr/share/fonts/noto/NotoSansTelugu-Black.ttf
/usr/share/fonts/noto/NotoSansTelugu-Bold.ttf
/usr/share/fonts/noto/NotoSansTelugu-Light.ttf
/usr/share/fonts/noto/NotoSansTelugu-Medium.ttf
/usr/share/fonts/noto/NotoSansTelugu-Regular.ttf
/usr/share/fonts/noto/NotoSansTelugu-Thin.ttf
/usr/share/fonts/noto/NotoSansTeluguUI-Black.ttf
/usr/share/fonts/noto/NotoSansTeluguUI-Bold.ttf
/usr/share/fonts/noto/NotoSansTeluguUI-Light.ttf
/usr/share/fonts/noto/NotoSansTeluguUI-Medium.ttf
/usr/share/fonts/noto/NotoSansTeluguUI-Regular.ttf
/usr/share/fonts/noto/NotoSansTeluguUI-Thin.ttf
/usr/share/fonts/noto/NotoSansThaana-Black.ttf
/usr/share/fonts/noto/NotoSansThaana-Bold.ttf
/usr/share/fonts/noto/NotoSansThaana-Light.ttf
/usr/share/fonts/noto/NotoSansThaana-Medium.ttf
/usr/share/fonts/noto/NotoSansThaana-Regular.ttf
/usr/share/fonts/noto/NotoSansThaana-Thin.ttf
/usr/share/fonts/noto/NotoSansThai-Black.ttf
/usr/share/fonts/noto/NotoSansThai-Bold.ttf
/usr/share/fonts/noto/NotoSansThai-Light.ttf
/usr/share/fonts/noto/NotoSansThai-Medium.ttf
/usr/share/fonts/noto/NotoSansThai-Regular.ttf
/usr/share/fonts/noto/NotoSansThai-Thin.ttf
/usr/share/fonts/noto/NotoSansThaiUI-Black.ttf
/usr/share/fonts/noto/NotoSansThaiUI-Bold.ttf
/usr/share/fonts/noto/NotoSansThaiUI-Light.ttf
/usr/share/fonts/noto/NotoSansThaiUI-Medium.ttf
/usr/share/fonts/noto/NotoSansThaiUI-Regular.ttf
/usr/share/fonts/noto/NotoSansThaiUI-Thin.ttf
/usr/share/fonts/noto/NotoSansTifinagh-Regular.ttf
/usr/share/fonts/noto/NotoSansTifinaghAPT-Regular.ttf
/usr/share/fonts/noto/NotoSansTifinaghAdrar-Regular.ttf
/usr/share/fonts/noto/NotoSansTifinaghAgrawImazighen-Regular.ttf
/usr/share/fonts/noto/NotoSansTifinaghAhaggar-Regular.ttf
/usr/share/fonts/noto/NotoSansTifinaghAir-Regular.ttf
/usr/share/fonts/noto/NotoSansTifinaghAzawagh-Regular.ttf
/usr/share/fonts/noto/NotoSansTifinaghGhat-Regular.ttf
/usr/share/fonts/noto/NotoSansTifinaghHawad-Regular.ttf
/usr/share/fonts/noto/NotoSansTifinaghRhissaIxa-Regular.ttf
/usr/share/fonts/noto/NotoSansTifinaghSIL-Regular.ttf
/usr/share/fonts/noto/NotoSansTifinaghTawellemmet-Regular.ttf
/usr/share/fonts/noto/NotoSansTirhuta-Regular.ttf
/usr/share/fonts/noto/NotoSansUgaritic-Regular.ttf
/usr/share/fonts/noto/NotoSansVai-Regular.ttf
/usr/share/fonts/noto/NotoSansWancho-Regular.ttf
/usr/share/fonts/noto/NotoSansWarangCiti-Regular.ttf
/usr/share/fonts/noto/NotoSansYi-Regular.ttf
/usr/share/fonts/noto/NotoSansZanabazarSquare-Regular.ttf
/usr/share/fonts/noto/NotoSerif-Black.ttf
/usr/share/fonts/noto/NotoSerif-BlackItalic.ttf
/usr/share/fonts/noto/NotoSerif-Bold.ttf
/usr/share/fonts/noto/NotoSerif-BoldItalic.ttf
/usr/share/fonts/noto/NotoSerif-Italic.ttf
/usr/share/fonts/noto/NotoSerif-Light.ttf
/usr/share/fonts/noto/NotoSerif-LightItalic.ttf
/usr/share/fonts/noto/NotoSerif-Medium.ttf
/usr/share/fonts/noto/NotoSerif-MediumItalic.ttf
/usr/share/fonts/noto/NotoSerif-Regular.ttf
/usr/share/fonts/noto/NotoSerif-Thin.ttf
/usr/share/fonts/noto/NotoSerif-ThinItalic.ttf
/usr/share/fonts/noto/NotoSerifAhom-Regular.ttf
/usr/share/fonts/noto/NotoSerifArmenian-Black.ttf
/usr/share/fonts/noto/NotoSerifArmenian-Bold.ttf
/usr/share/fonts/noto/NotoSerifArmenian-Light.ttf
/usr/share/fonts/noto/NotoSerifArmenian-Medium.ttf
/usr/share/fonts/noto/NotoSerifArmenian-Regular.ttf
/usr/share/fonts/noto/NotoSerifArmenian-Thin.ttf
/usr/share/fonts/noto/NotoSerifBalinese-Regular.ttf
/usr/share/fonts/noto/NotoSerifBengali-Black.ttf
/usr/share/fonts/noto/NotoSerifBengali-Bold.ttf
/usr/share/fonts/noto/NotoSerifBengali-Light.ttf
/usr/share/fonts/noto/NotoSerifBengali-Medium.ttf
/usr/share/fonts/noto/NotoSerifBengali-Regular.ttf
/usr/share/fonts/noto/NotoSerifBengali-Thin.ttf
/usr/share/fonts/noto/NotoSerifDevanagari-Black.ttf
/usr/share/fonts/noto/NotoSerifDevanagari-Bold.ttf
/usr/share/fonts/noto/NotoSerifDevanagari-Light.ttf
/usr/share/fonts/noto/NotoSerifDevanagari-Medium.ttf
/usr/share/fonts/noto/NotoSerifDevanagari-Regular.ttf
/usr/share/fonts/noto/NotoSerifDevanagari-Thin.ttf
/usr/share/fonts/noto/NotoSerifDisplay-Black.ttf
/usr/share/fonts/noto/NotoSerifDisplay-BlackItalic.ttf
/usr/share/fonts/noto/NotoSerifDisplay-Bold.ttf
/usr/share/fonts/noto/NotoSerifDisplay-BoldItalic.ttf
/usr/share/fonts/noto/NotoSerifDisplay-Italic.ttf
/usr/share/fonts/noto/NotoSerifDisplay-Light.ttf
/usr/share/fonts/noto/NotoSerifDisplay-LightItalic.ttf
/usr/share/fonts/noto/NotoSerifDisplay-Medium.ttf
/usr/share/fonts/noto/NotoSerifDisplay-MediumItalic.ttf
/usr/share/fonts/noto/NotoSerifDisplay-Regular.ttf
/usr/share/fonts/noto/NotoSerifDisplay-Thin.ttf
/usr/share/fonts/noto/NotoSerifDisplay-ThinItalic.ttf
/usr/share/fonts/noto/NotoSerifDogra-Regular.ttf
/usr/share/fonts/noto/NotoSerifEthiopic-Black.ttf
/usr/share/fonts/noto/NotoSerifEthiopic-Bold.ttf
/usr/share/fonts/noto/NotoSerifEthiopic-Light.ttf
/usr/share/fonts/noto/NotoSerifEthiopic-Medium.ttf
/usr/share/fonts/noto/NotoSerifEthiopic-Regular.ttf
/usr/share/fonts/noto/NotoSerifEthiopic-Thin.ttf
/usr/share/fonts/noto/NotoSerifGeorgian-Black.ttf
/usr/share/fonts/noto/NotoSerifGeorgian-Bold.ttf
/usr/share/fonts/noto/NotoSerifGeorgian-Light.ttf
/usr/share/fonts/noto/NotoSerifGeorgian-Medium.ttf
/usr/share/fonts/noto/NotoSerifGeorgian-Regular.ttf
/usr/share/fonts/noto/NotoSerifGeorgian-Thin.ttf
/usr/share/fonts/noto/NotoSerifGrantha-Regular.ttf
/usr/share/fonts/noto/NotoSerifGujarati-Black.ttf
/usr/share/fonts/noto/NotoSerifGujarati-Bold.ttf
/usr/share/fonts/noto/NotoSerifGujarati-Light.ttf
/usr/share/fonts/noto/NotoSerifGujarati-Medium.ttf
/usr/share/fonts/noto/NotoSerifGujarati-Regular.ttf
/usr/share/fonts/noto/NotoSerifGujarati-Thin.ttf
/usr/share/fonts/noto/NotoSerifGurmukhi-Black.ttf
/usr/share/fonts/noto/NotoSerifGurmukhi-Bold.ttf
/usr/share/fonts/noto/NotoSerifGurmukhi-Light.ttf
/usr/share/fonts/noto/NotoSerifGurmukhi-Medium.ttf
/usr/share/fonts/noto/NotoSerifGurmukhi-Regular.ttf
/usr/share/fonts/noto/NotoSerifGurmukhi-Thin.ttf
/usr/share/fonts/noto/NotoSerifHebrew-Black.ttf
/usr/share/fonts/noto/NotoSerifHebrew-Bold.ttf
/usr/share/fonts/noto/NotoSerifHebrew-Light.ttf
/usr/share/fonts/noto/NotoSerifHebrew-Medium.ttf
/usr/share/fonts/noto/NotoSerifHebrew-Regular.ttf
/usr/share/fonts/noto/NotoSerifHebrew-Thin.ttf
/usr/share/fonts/noto/NotoSerifKannada-Black.ttf
/usr/share/fonts/noto/NotoSerifKannada-Bold.ttf
/usr/share/fonts/noto/NotoSerifKannada-Light.ttf
/usr/share/fonts/noto/NotoSerifKannada-Medium.ttf
/usr/share/fonts/noto/NotoSerifKannada-Regular.ttf
/usr/share/fonts/noto/NotoSerifKannada-Thin.ttf
/usr/share/fonts/noto/NotoSerifKhmer-Black.ttf
/usr/share/fonts/noto/NotoSerifKhmer-Bold.ttf
/usr/share/fonts/noto/NotoSerifKhmer-Light.ttf
/usr/share/fonts/noto/NotoSerifKhmer-Medium.ttf
/usr/share/fonts/noto/NotoSerifKhmer-Regular.ttf
/usr/share/fonts/noto/NotoSerifKhmer-Thin.ttf
/usr/share/fonts/noto/NotoSerifKhojki-Bold.ttf
/usr/share/fonts/noto/NotoSerifKhojki-Regular.ttf
/usr/share/fonts/noto/NotoSerifLao-Black.ttf
/usr/share/fonts/noto/NotoSerifLao-Bold.ttf
/usr/share/fonts/noto/NotoSerifLao-Light.ttf
/usr/share/fonts/noto/NotoSerifLao-Medium.ttf
/usr/share/fonts/noto/NotoSerifLao-Regular.ttf
/usr/share/fonts/noto/NotoSerifLao-Thin.ttf
/usr/share/fonts/noto/NotoSerifMalayalam-Black.ttf
/usr/share/fonts/noto/NotoSerifMalayalam-Bold.ttf
/usr/share/fonts/noto/NotoSerifMalayalam-Light.ttf
/usr/share/fonts/noto/NotoSerifMalayalam-Medium.ttf
/usr/share/fonts/noto/NotoSerifMalayalam-Regular.ttf
/usr/share/fonts/noto/NotoSerifMalayalam-Thin.ttf
/usr/share/fonts/noto/NotoSerifMyanmar-Black.ttf
/usr/share/fonts/noto/NotoSerifMyanmar-Bold.ttf
/usr/share/fonts/noto/NotoSerifMyanmar-Light.ttf
/usr/share/fonts/noto/NotoSerifMyanmar-Medium.ttf
/usr/share/fonts/noto/NotoSerifMyanmar-Regular.ttf
/usr/share/fonts/noto/NotoSerifMyanmar-Thin.ttf
/usr/share/fonts/noto/NotoSerifNyiakengPuachueHmong-Bold.ttf
/usr/share/fonts/noto/NotoSerifNyiakengPuachueHmong-Medium.ttf
/usr/share/fonts/noto/NotoSerifNyiakengPuachueHmong-Regular.ttf
/usr/share/fonts/noto/NotoSerifSinhala-Black.ttf
/usr/share/fonts/noto/NotoSerifSinhala-Bold.ttf
/usr/share/fonts/noto/NotoSerifSinhala-Light.ttf
/usr/share/fonts/noto/NotoSerifSinhala-Medium.ttf
/usr/share/fonts/noto/NotoSerifSinhala-Regular.ttf
/usr/share/fonts/noto/NotoSerifSinhala-Thin.ttf
/usr/share/fonts/noto/NotoSerifTamil-Black.ttf
/usr/share/fonts/noto/NotoSerifTamil-Bold.ttf
/usr/share/fonts/noto/NotoSerifTamil-Light.ttf
/usr/share/fonts/noto/NotoSerifTamil-Medium.ttf
/usr/share/fonts/noto/NotoSerifTamil-Regular.ttf
/usr/share/fonts/noto/NotoSerifTamil-Thin.ttf
/usr/share/fonts/noto/NotoSerifTamilSlanted-Black.ttf
/usr/share/fonts/noto/NotoSerifTamilSlanted-Bold.ttf
/usr/share/fonts/noto/NotoSerifTamilSlanted-Light.ttf
/usr/share/fonts/noto/NotoSerifTamilSlanted-Medium.ttf
/usr/share/fonts/noto/NotoSerifTamilSlanted-Regular.ttf
/usr/share/fonts/noto/NotoSerifTamilSlanted-Thin.ttf
/usr/share/fonts/noto/NotoSerifTangut-Regular.ttf
/usr/share/fonts/noto/NotoSerifTelugu-Black.ttf
/usr/share/fonts/noto/NotoSerifTelugu-Bold.ttf
/usr/share/fonts/noto/NotoSerifTelugu-Light.ttf
/usr/share/fonts/noto/NotoSerifTelugu-Medium.ttf
/usr/share/fonts/noto/NotoSerifTelugu-Regular.ttf
/usr/share/fonts/noto/NotoSerifTelugu-Thin.ttf
/usr/share/fonts/noto/NotoSerifThai-Black.ttf
/usr/share/fonts/noto/NotoSerifThai-Bold.ttf
/usr/share/fonts/noto/NotoSerifThai-Light.ttf
/usr/share/fonts/noto/NotoSerifThai-Medium.ttf
/usr/share/fonts/noto/NotoSerifThai-Regular.ttf
/usr/share/fonts/noto/NotoSerifThai-Thin.ttf
/usr/share/fonts/noto/NotoSerifTibetan-Black.ttf
/usr/share/fonts/noto/NotoSerifTibetan-Bold.ttf
/usr/share/fonts/noto/NotoSerifTibetan-Light.ttf
/usr/share/fonts/noto/NotoSerifTibetan-Medium.ttf
/usr/share/fonts/noto/NotoSerifTibetan-Regular.ttf
/usr/share/fonts/noto/NotoSerifTibetan-Thin.ttf
/usr/share/fonts/noto/NotoSerifYezidi-Bold.ttf
/usr/share/fonts/noto/NotoSerifYezidi-Medium.ttf
/usr/share/fonts/noto/NotoSerifYezidi-Regular.ttf
/usr/share/fonts/noto/NotoTraditionalNushu-Regular.ttf
